<?xml version="1.0" encoding="UTF-8"?>
<!-- Generated by org.testng.reporters.JUnitXMLReporter -->
<testsuite hostname="entropy.local" name="Command line test" tests="25" failures="0" timestamp="3 Mar 2012 15:52:26 GMT" time="0.132" errors="0">
  <testcase name="testListBlobsPrefixMappable" time="0.027" classname="org.akubraproject.map.IdMappingBlobStoreConnectionTest"/>
  <testcase name="testListBlobsPrefixNotMappable" time="0.0030" classname="org.akubraproject.map.IdMappingBlobStoreConnectionTest"/>
  <testcase name="testGetId" time="0.0" classname="org.akubraproject.map.IdMappingBlobStoreTCKTest"/>
  <testcase name="testInit" time="0.0" classname="org.akubraproject.map.IdMappingBlobStoreTCKTest"/>
  <testcase name="testGetCanonicalIdNotNull" time="0.0010" classname="org.akubraproject.map.IdMappingBlobTest"/>
  <testcase name="testGetCanonicalIdNull" time="0.0010" classname="org.akubraproject.map.IdMappingBlobTest"/>
  <testcase name="testBasicCommit" time="0.0" classname="org.akubraproject.map.IdMappingBlobStoreTCKTest"/>
  <testcase name="testBasicRollback" time="0.0" classname="org.akubraproject.map.IdMappingBlobStoreTCKTest"/>
  <testcase name="testBlobFromStream" time="0.0040" classname="org.akubraproject.map.IdMappingBlobStoreTCKTest"/>
  <testcase name="testBlobUpdate" time="0.0040" classname="org.akubraproject.map.IdMappingBlobStoreTCKTest"/>
  <testcase name="testCanonicalId" time="0.0010" classname="org.akubraproject.map.IdMappingBlobStoreTCKTest"/>
  <testcase name="testCloseConnection" time="0.0020" classname="org.akubraproject.map.IdMappingBlobStoreTCKTest"/>
  <testcase name="testClosedConnection" time="0.0080" classname="org.akubraproject.map.IdMappingBlobStoreTCKTest"/>
  <testcase name="testDelete" time="0.0010" classname="org.akubraproject.map.IdMappingBlobStoreTCKTest"/>
  <testcase name="testIdGeneration" time="0.0010" classname="org.akubraproject.map.IdMappingBlobStoreTCKTest"/>
  <testcase name="testIdValidation" time="0.0" classname="org.akubraproject.map.IdMappingBlobStoreTCKTest"/>
  <testcase name="testInputStream" time="0.0020" classname="org.akubraproject.map.IdMappingBlobStoreTCKTest"/>
  <testcase name="testListBlobs" time="0.0060" classname="org.akubraproject.map.IdMappingBlobStoreTCKTest"/>
  <testcase name="testMoveTo" time="0.0070" classname="org.akubraproject.map.IdMappingBlobStoreTCKTest"/>
  <testcase name="testNonExistentBlob" time="0.0020" classname="org.akubraproject.map.IdMappingBlobStoreTCKTest"/>
  <testcase name="testOpenConnectionNoTransaction" time="0.0" classname="org.akubraproject.map.IdMappingBlobStoreTCKTest"/>
  <testcase name="testOpenConnectionWithTransaction" time="0.02" classname="org.akubraproject.map.IdMappingBlobStoreTCKTest"/>
  <testcase name="testOutputStream" time="0.0040" classname="org.akubraproject.map.IdMappingBlobStoreTCKTest"/>
  <testcase name="testSync" time="0.0040" classname="org.akubraproject.map.IdMappingBlobStoreTCKTest"/>
  <testcase name="testCleanup" time="0.0" classname="org.akubraproject.map.IdMappingBlobStoreTCKTest"/>
</testsuite> <!-- Command line test -->
