<?xml version="1.0" encoding="UTF-8"?>
<!-- Generated by org.testng.reporters.JUnitXMLReporter -->
<testsuite hostname="entropy.local" name="Command line test" tests="32" failures="0" timestamp="3 Mar 2012 15:55:24 GMT" time="0.54" errors="0">
  <testcase name="testGetId" time="0.0030" classname="org.akubraproject.www.WWWTCKTest"/>
  <testcase name="testInit" time="0.0" classname="org.akubraproject.www.WWWTCKTest"/>
  <testcase name="testGetConnection" time="0.0" classname="org.akubraproject.www.WWWBlobTest"/>
  <testcase name="testOpenInputStream" time="0.275" classname="org.akubraproject.www.WWWBlobTest"/>
  <testcase name="testWWWBlob" time="0.0" classname="org.akubraproject.www.WWWBlobTest"/>
  <testcase name="testGetId" time="0.0010" classname="org.akubraproject.www.WWWBlobTest"/>
  <testcase name="testGetSize" time="0.0010" classname="org.akubraproject.www.WWWBlobTest"/>
  <testcase name="testOpenOutputStream" time="0.091" classname="org.akubraproject.www.WWWBlobTest"/>
  <testcase name="testListBlobIds" time="0.0" classname="org.akubraproject.www.WWWConnectionTest"/>
  <testcase name="testClose" time="0.0010" classname="org.akubraproject.www.WWWConnectionTest"/>
  <testcase name="testGetBlobStore" time="0.0" classname="org.akubraproject.www.WWWConnectionTest"/>
  <testcase name="testGetBlob" time="0.0" classname="org.akubraproject.www.WWWConnectionTest"/>
  <testcase name="testGetId" time="0.0" classname="org.akubraproject.www.WWWStoreTest"/>
  <testcase name="testBasicCommit" time="0.0" classname="org.akubraproject.www.WWWTCKTest"/>
  <testcase name="testBasicRollback" time="0.0" classname="org.akubraproject.www.WWWTCKTest"/>
  <testcase name="testBlobFromStream" time="0.0020" classname="org.akubraproject.www.WWWTCKTest"/>
  <testcase name="testBlobUpdate" time="0.022" classname="org.akubraproject.www.WWWTCKTest"/>
  <testcase name="testCanonicalId" time="0.0010" classname="org.akubraproject.www.WWWTCKTest"/>
  <testcase name="testCloseConnection" time="0.0050" classname="org.akubraproject.www.WWWTCKTest"/>
  <testcase name="testClosedConnection" time="0.016" classname="org.akubraproject.www.WWWTCKTest"/>
  <testcase name="testDelete" time="0.0060" classname="org.akubraproject.www.WWWTCKTest"/>
  <testcase name="testIdGeneration" time="0.0020" classname="org.akubraproject.www.WWWTCKTest"/>
  <testcase name="testIdValidation" time="0.0080" classname="org.akubraproject.www.WWWTCKTest"/>
  <testcase name="testInputStream" time="0.0050" classname="org.akubraproject.www.WWWTCKTest"/>
  <testcase name="testListBlobs" time="0.0010" classname="org.akubraproject.www.WWWTCKTest"/>
  <testcase name="testMoveTo" time="0.0010" classname="org.akubraproject.www.WWWTCKTest"/>
  <testcase name="testNonExistentBlob" time="0.0030" classname="org.akubraproject.www.WWWTCKTest"/>
  <testcase name="testOpenConnectionNoTransaction" time="0.0010" classname="org.akubraproject.www.WWWTCKTest"/>
  <testcase name="testOpenConnectionWithTransaction" time="0.019" classname="org.akubraproject.www.WWWTCKTest"/>
  <testcase name="testOutputStream" time="0.037" classname="org.akubraproject.www.WWWTCKTest"/>
  <testcase name="testSync" time="0.0010" classname="org.akubraproject.www.WWWTCKTest"/>
  <testcase name="testCleanup" time="0.0" classname="org.akubraproject.www.WWWTCKTest"/>
</testsuite> <!-- Command line test -->
