<?xml version="1.0" encoding="UTF-8"?>
<!-- Generated by org.testng.reporters.JUnitXMLReporter -->
<testsuite hostname="entropy.local" name="Command line test" tests="52" failures="0" timestamp="3 Mar 2012 15:54:07 GMT" time="2.965" errors="0">
  <testcase name="testGetId" time="0.0070" classname="org.akubraproject.qsc.QuiescingBlobStoreTCKTest$QuiescingBlobStoreTestSuite"/>
  <testcase name="testInit" time="0.0010" classname="org.akubraproject.qsc.QuiescingBlobStoreTCKTest$QuiescingBlobStoreTestSuite"/>
  <testcase name="testInit" time="0.0" classname="org.akubraproject.qsc.QuiescingBlobStoreTCKTest$QuiescingBlobStoreTestSuite"/>
  <testcase name="testGetId" time="0.0010" classname="org.akubraproject.qsc.QuiescingBlobStoreTCKTest$QuiescingBlobStoreTestSuite"/>
  <testcase name="testInitialState" time="0.0" classname="org.akubraproject.qsc.TestQuiescingStreamManager"/>
  <testcase name="testSetQuiescent" time="0.436" classname="org.akubraproject.qsc.QuiescingBlobStoreTCKTest$QuiescingBlobStoreTestSuite"/>
  <testcase name="testBasicCommit" time="0.0" classname="org.akubraproject.qsc.QuiescingBlobStoreTCKTest$QuiescingBlobStoreTestSuite"/>
  <testcase name="testBasicRollback" time="0.0" classname="org.akubraproject.qsc.QuiescingBlobStoreTCKTest$QuiescingBlobStoreTestSuite"/>
  <testcase name="testBlobFromStream" time="0.0030" classname="org.akubraproject.qsc.QuiescingBlobStoreTCKTest$QuiescingBlobStoreTestSuite"/>
  <testcase name="testBlobUpdate" time="0.0060" classname="org.akubraproject.qsc.QuiescingBlobStoreTCKTest$QuiescingBlobStoreTestSuite"/>
  <testcase name="testCanonicalId" time="0.0" classname="org.akubraproject.qsc.QuiescingBlobStoreTCKTest$QuiescingBlobStoreTestSuite"/>
  <testcase name="testCloseConnection" time="0.0020" classname="org.akubraproject.qsc.QuiescingBlobStoreTCKTest$QuiescingBlobStoreTestSuite"/>
  <testcase name="testClosedConnection" time="0.0080" classname="org.akubraproject.qsc.QuiescingBlobStoreTCKTest$QuiescingBlobStoreTestSuite"/>
  <testcase name="testDelete" time="0.0010" classname="org.akubraproject.qsc.QuiescingBlobStoreTCKTest$QuiescingBlobStoreTestSuite"/>
  <testcase name="testIdGeneration" time="0.0010" classname="org.akubraproject.qsc.QuiescingBlobStoreTCKTest$QuiescingBlobStoreTestSuite"/>
  <testcase name="testIdValidation" time="0.0010" classname="org.akubraproject.qsc.QuiescingBlobStoreTCKTest$QuiescingBlobStoreTestSuite"/>
  <testcase name="testInputStream" time="0.0020" classname="org.akubraproject.qsc.QuiescingBlobStoreTCKTest$QuiescingBlobStoreTestSuite"/>
  <testcase name="testListBlobs" time="0.0070" classname="org.akubraproject.qsc.QuiescingBlobStoreTCKTest$QuiescingBlobStoreTestSuite"/>
  <testcase name="testMoveTo" time="0.0060" classname="org.akubraproject.qsc.QuiescingBlobStoreTCKTest$QuiescingBlobStoreTestSuite"/>
  <testcase name="testNonExistentBlob" time="0.0020" classname="org.akubraproject.qsc.QuiescingBlobStoreTCKTest$QuiescingBlobStoreTestSuite"/>
  <testcase name="testOpenConnectionNoTransaction" time="0.0" classname="org.akubraproject.qsc.QuiescingBlobStoreTCKTest$QuiescingBlobStoreTestSuite"/>
  <testcase name="testOpenConnectionWithTransaction" time="0.015" classname="org.akubraproject.qsc.QuiescingBlobStoreTCKTest$QuiescingBlobStoreTestSuite"/>
  <testcase name="testOutputStream" time="0.0080" classname="org.akubraproject.qsc.QuiescingBlobStoreTCKTest$QuiescingBlobStoreTestSuite"/>
  <testcase name="testSync" time="0.0030" classname="org.akubraproject.qsc.QuiescingBlobStoreTCKTest$QuiescingBlobStoreTestSuite"/>
  <testcase name="testBasicCommit" time="0.283" classname="org.akubraproject.qsc.QuiescingBlobStoreTCKTest$QuiescingBlobStoreTestSuite"/>
  <testcase name="testBasicRollback" time="0.11" classname="org.akubraproject.qsc.QuiescingBlobStoreTCKTest$QuiescingBlobStoreTestSuite"/>
  <testcase name="testBlobFromStream" time="0.0040" classname="org.akubraproject.qsc.QuiescingBlobStoreTCKTest$QuiescingBlobStoreTestSuite"/>
  <testcase name="testBlobUpdate" time="0.038" classname="org.akubraproject.qsc.QuiescingBlobStoreTCKTest$QuiescingBlobStoreTestSuite"/>
  <testcase name="testCanonicalId" time="0.0040" classname="org.akubraproject.qsc.QuiescingBlobStoreTCKTest$QuiescingBlobStoreTestSuite"/>
  <testcase name="testCloseConnection" time="0.082" classname="org.akubraproject.qsc.QuiescingBlobStoreTCKTest$QuiescingBlobStoreTestSuite"/>
  <testcase name="testDelete" time="0.031" classname="org.akubraproject.qsc.QuiescingBlobStoreTCKTest$QuiescingBlobStoreTestSuite"/>
  <testcase name="testIdGeneration" time="0.0040" classname="org.akubraproject.qsc.QuiescingBlobStoreTCKTest$QuiescingBlobStoreTestSuite"/>
  <testcase name="testIdValidation" time="0.021" classname="org.akubraproject.qsc.QuiescingBlobStoreTCKTest$QuiescingBlobStoreTestSuite"/>
  <testcase name="testInputStream" time="0.025" classname="org.akubraproject.qsc.QuiescingBlobStoreTCKTest$QuiescingBlobStoreTestSuite"/>
  <testcase name="testListBlobs" time="0.1" classname="org.akubraproject.qsc.QuiescingBlobStoreTCKTest$QuiescingBlobStoreTestSuite"/>
  <testcase name="testMoveTo" time="0.129" classname="org.akubraproject.qsc.QuiescingBlobStoreTCKTest$QuiescingBlobStoreTestSuite"/>
  <testcase name="testNonExistentBlob" time="0.015" classname="org.akubraproject.qsc.QuiescingBlobStoreTCKTest$QuiescingBlobStoreTestSuite"/>
  <testcase name="testOutputStream" time="0.215" classname="org.akubraproject.qsc.QuiescingBlobStoreTCKTest$QuiescingBlobStoreTestSuite"/>
  <testcase name="testSync" time="0.066" classname="org.akubraproject.qsc.QuiescingBlobStoreTCKTest$QuiescingBlobStoreTestSuite"/>
  <testcase name="testSetQuiescent" time="0.597" classname="org.akubraproject.qsc.QuiescingBlobStoreTCKTest$QuiescingBlobStoreTestSuite"/>
  <testcase name="testClosedConnection" time="0.04" classname="org.akubraproject.qsc.QuiescingBlobStoreTCKTest$QuiescingBlobStoreTestSuite"/>
  <testcase name="testOpenConnectionNoTransaction" time="0.0010" classname="org.akubraproject.qsc.QuiescingBlobStoreTCKTest$QuiescingBlobStoreTestSuite"/>
  <testcase name="testOpenConnectionWithTransaction" time="0.0040" classname="org.akubraproject.qsc.QuiescingBlobStoreTCKTest$QuiescingBlobStoreTestSuite"/>
  <testcase name="testGoQuiescentOpenStreamBlocking" time="0.103" classname="org.akubraproject.qsc.TestQuiescingStreamManager"/>
  <testcase name="testGoQuiescentOpenStreamInterrupted" time="0.102" classname="org.akubraproject.qsc.TestQuiescingStreamManager"/>
  <testcase name="testGoQuiescentStateLockBlocking" time="0.102" classname="org.akubraproject.qsc.TestQuiescingStreamManager"/>
  <testcase name="testGoQuiescentStateLockInterrupted" time="0.103" classname="org.akubraproject.qsc.TestQuiescingStreamManager"/>
  <testcase name="testGoUnquiescentBlocking" time="0.102" classname="org.akubraproject.qsc.TestQuiescingStreamManager"/>
  <testcase name="testGoUnquiescentInterrupted" time="0.102" classname="org.akubraproject.qsc.TestQuiescingStreamManager"/>
  <testcase name="testSetQuiescentWhileInactive" time="0.0010" classname="org.akubraproject.qsc.TestQuiescingStreamManager"/>
  <testcase name="testCleanup" time="0.0010" classname="org.akubraproject.qsc.QuiescingBlobStoreTCKTest$QuiescingBlobStoreTestSuite"/>
  <testcase name="testCleanup" time="0.0080" classname="org.akubraproject.qsc.QuiescingBlobStoreTCKTest$QuiescingBlobStoreTestSuite"/>
</testsuite> <!-- Command line test -->
