<?xml version="1.0" encoding="UTF-8"?>
<!-- Generated by org.testng.reporters.JUnitXMLReporter -->
<testsuite hostname="entropy.local" name="Command line test" tests="51" failures="0" timestamp="3 Mar 2012 15:53:37 GMT" time="1.826" errors="0">
  <testcase name="testAbstractMuxConnection" time="0.0020" classname="org.akubraproject.mux.AbstractMuxConnectionTest"/>
  <testcase name="testClose" time="0.0010" classname="org.akubraproject.mux.AbstractMuxConnectionTest"/>
  <testcase name="testGetBlobURIMapOfStringString" time="0.0030" classname="org.akubraproject.mux.AbstractMuxConnectionTest"/>
  <testcase name="testGetConnection" time="0.0" classname="org.akubraproject.mux.AbstractMuxConnectionTest"/>
  <testcase name="testGetStores" time="0.0" classname="org.akubraproject.mux.AbstractMuxConnectionTest"/>
  <testcase name="testListBlobIds" time="0.0090" classname="org.akubraproject.mux.AbstractMuxConnectionTest"/>
  <testcase name="testMoveTo" time="0.0040" classname="org.akubraproject.mux.AbstractMuxConnectionTest"/>
  <testcase name="testAbstractMuxStore" time="0.0010" classname="org.akubraproject.mux.AbstractMuxStoreTest"/>
  <testcase name="testBackingStores" time="0.0" classname="org.akubraproject.mux.AbstractMuxStoreTest"/>
  <testcase name="testGetId" time="0.0" classname="org.akubraproject.mux.MuxStoreTCKTest$MuxStoreTestSuite"/>
  <testcase name="testInit" time="0.0010" classname="org.akubraproject.mux.MuxStoreTCKTest$MuxStoreTestSuite"/>
  <testcase name="testInit" time="0.0" classname="org.akubraproject.mux.MuxStoreTCKTest$MuxStoreTestSuite"/>
  <testcase name="testGetId" time="0.0" classname="org.akubraproject.mux.MuxStoreTCKTest$MuxStoreTestSuite"/>
  <testcase name="testBasicCommit" time="0.0" classname="org.akubraproject.mux.MuxStoreTCKTest$MuxStoreTestSuite"/>
  <testcase name="testBasicRollback" time="0.0" classname="org.akubraproject.mux.MuxStoreTCKTest$MuxStoreTestSuite"/>
  <testcase name="testBlobFromStream" time="0.0080" classname="org.akubraproject.mux.MuxStoreTCKTest$MuxStoreTestSuite"/>
  <testcase name="testBlobUpdate" time="0.0060" classname="org.akubraproject.mux.MuxStoreTCKTest$MuxStoreTestSuite"/>
  <testcase name="testCanonicalId" time="0.0020" classname="org.akubraproject.mux.MuxStoreTCKTest$MuxStoreTestSuite"/>
  <testcase name="testCloseConnection" time="0.0040" classname="org.akubraproject.mux.MuxStoreTCKTest$MuxStoreTestSuite"/>
  <testcase name="testClosedConnection" time="0.0090" classname="org.akubraproject.mux.MuxStoreTCKTest$MuxStoreTestSuite"/>
  <testcase name="testDelete" time="0.0010" classname="org.akubraproject.mux.MuxStoreTCKTest$MuxStoreTestSuite"/>
  <testcase name="testIdGeneration" time="0.0" classname="org.akubraproject.mux.MuxStoreTCKTest$MuxStoreTestSuite"/>
  <testcase name="testIdValidation" time="0.0010" classname="org.akubraproject.mux.MuxStoreTCKTest$MuxStoreTestSuite"/>
  <testcase name="testInputStream" time="0.0020" classname="org.akubraproject.mux.MuxStoreTCKTest$MuxStoreTestSuite"/>
  <testcase name="testListBlobs" time="0.0060" classname="org.akubraproject.mux.MuxStoreTCKTest$MuxStoreTestSuite"/>
  <testcase name="testMoveTo" time="0.0080" classname="org.akubraproject.mux.MuxStoreTCKTest$MuxStoreTestSuite"/>
  <testcase name="testNonExistentBlob" time="0.0020" classname="org.akubraproject.mux.MuxStoreTCKTest$MuxStoreTestSuite"/>
  <testcase name="testOpenConnectionNoTransaction" time="0.0" classname="org.akubraproject.mux.MuxStoreTCKTest$MuxStoreTestSuite"/>
  <testcase name="testOpenConnectionWithTransaction" time="0.0" classname="org.akubraproject.mux.MuxStoreTCKTest$MuxStoreTestSuite"/>
  <testcase name="testOutputStream" time="0.0050" classname="org.akubraproject.mux.MuxStoreTCKTest$MuxStoreTestSuite"/>
  <testcase name="testSync" time="0.0040" classname="org.akubraproject.mux.MuxStoreTCKTest$MuxStoreTestSuite"/>
  <testcase name="testBasicCommit" time="0.42" classname="org.akubraproject.mux.MuxStoreTCKTest$MuxStoreTestSuite"/>
  <testcase name="testBasicRollback" time="0.148" classname="org.akubraproject.mux.MuxStoreTCKTest$MuxStoreTestSuite"/>
  <testcase name="testBlobFromStream" time="0.0040" classname="org.akubraproject.mux.MuxStoreTCKTest$MuxStoreTestSuite"/>
  <testcase name="testBlobUpdate" time="0.069" classname="org.akubraproject.mux.MuxStoreTCKTest$MuxStoreTestSuite"/>
  <testcase name="testCanonicalId" time="0.0060" classname="org.akubraproject.mux.MuxStoreTCKTest$MuxStoreTestSuite"/>
  <testcase name="testCloseConnection" time="0.11" classname="org.akubraproject.mux.MuxStoreTCKTest$MuxStoreTestSuite"/>
  <testcase name="testDelete" time="0.036" classname="org.akubraproject.mux.MuxStoreTCKTest$MuxStoreTestSuite"/>
  <testcase name="testIdGeneration" time="0.0030" classname="org.akubraproject.mux.MuxStoreTCKTest$MuxStoreTestSuite"/>
  <testcase name="testIdValidation" time="0.032" classname="org.akubraproject.mux.MuxStoreTCKTest$MuxStoreTestSuite"/>
  <testcase name="testInputStream" time="0.041" classname="org.akubraproject.mux.MuxStoreTCKTest$MuxStoreTestSuite"/>
  <testcase name="testListBlobs" time="0.203" classname="org.akubraproject.mux.MuxStoreTCKTest$MuxStoreTestSuite"/>
  <testcase name="testMoveTo" time="0.191" classname="org.akubraproject.mux.MuxStoreTCKTest$MuxStoreTestSuite"/>
  <testcase name="testNonExistentBlob" time="0.062" classname="org.akubraproject.mux.MuxStoreTCKTest$MuxStoreTestSuite"/>
  <testcase name="testOutputStream" time="0.232" classname="org.akubraproject.mux.MuxStoreTCKTest$MuxStoreTestSuite"/>
  <testcase name="testSync" time="0.074" classname="org.akubraproject.mux.MuxStoreTCKTest$MuxStoreTestSuite"/>
  <testcase name="testClosedConnection" time="0.052" classname="org.akubraproject.mux.MuxStoreTCKTest$MuxStoreTestSuite"/>
  <testcase name="testOpenConnectionNoTransaction" time="0.0010" classname="org.akubraproject.mux.MuxStoreTCKTest$MuxStoreTestSuite"/>
  <testcase name="testOpenConnectionWithTransaction" time="0.0" classname="org.akubraproject.mux.MuxStoreTCKTest$MuxStoreTestSuite"/>
  <testcase name="testCleanup" time="0.0010" classname="org.akubraproject.mux.MuxStoreTCKTest$MuxStoreTestSuite"/>
  <testcase name="testCleanup" time="0.017" classname="org.akubraproject.mux.MuxStoreTCKTest$MuxStoreTestSuite"/>
</testsuite> <!-- Command line test -->
