<?xml version="1.0" encoding="UTF-8"?>
<testng-results skipped="0" failed="0" total="32" passed="32">
  <reporter-output>
  </reporter-output>
  <suite name="Command line suite" duration-ms="540" started-at="2012-03-03T10:55:24Z" finished-at="2012-03-03T10:55:24Z">
    <groups>
      <group name="blob">
        <method signature="TCKTestSuite.testBlobFromStream()[pri:0, instance:org.akubraproject.www.WWWTCKTest@49d8c528]" name="testBlobFromStream" class="org.akubraproject.tck.TCKTestSuite"/>
        <method signature="TCKTestSuite.testBlobUpdate()[pri:0, instance:org.akubraproject.www.WWWTCKTest@49d8c528]" name="testBlobUpdate" class="org.akubraproject.tck.TCKTestSuite"/>
        <method signature="TCKTestSuite.testCanonicalId()[pri:0, instance:org.akubraproject.www.WWWTCKTest@49d8c528]" name="testCanonicalId" class="org.akubraproject.tck.TCKTestSuite"/>
        <method signature="TCKTestSuite.testDelete()[pri:0, instance:org.akubraproject.www.WWWTCKTest@49d8c528]" name="testDelete" class="org.akubraproject.tck.TCKTestSuite"/>
        <method signature="TCKTestSuite.testIdGeneration()[pri:0, instance:org.akubraproject.www.WWWTCKTest@49d8c528]" name="testIdGeneration" class="org.akubraproject.tck.TCKTestSuite"/>
        <method signature="TCKTestSuite.testIdValidation()[pri:0, instance:org.akubraproject.www.WWWTCKTest@49d8c528]" name="testIdValidation" class="org.akubraproject.tck.TCKTestSuite"/>
        <method signature="TCKTestSuite.testInputStream()[pri:0, instance:org.akubraproject.www.WWWTCKTest@49d8c528]" name="testInputStream" class="org.akubraproject.tck.TCKTestSuite"/>
        <method signature="TCKTestSuite.testMoveTo()[pri:0, instance:org.akubraproject.www.WWWTCKTest@49d8c528]" name="testMoveTo" class="org.akubraproject.tck.TCKTestSuite"/>
        <method signature="TCKTestSuite.testNonExistentBlob()[pri:0, instance:org.akubraproject.www.WWWTCKTest@49d8c528]" name="testNonExistentBlob" class="org.akubraproject.tck.TCKTestSuite"/>
        <method signature="TCKTestSuite.testOutputStream()[pri:0, instance:org.akubraproject.www.WWWTCKTest@49d8c528]" name="testOutputStream" class="org.akubraproject.tck.TCKTestSuite"/>
      </group> <!-- blob -->
      <group name="connection">
        <method signature="TCKTestSuite.testCloseConnection()[pri:0, instance:org.akubraproject.www.WWWTCKTest@49d8c528]" name="testCloseConnection" class="org.akubraproject.tck.TCKTestSuite"/>
        <method signature="TCKTestSuite.testClosedConnection()[pri:0, instance:org.akubraproject.www.WWWTCKTest@49d8c528]" name="testClosedConnection" class="org.akubraproject.tck.TCKTestSuite"/>
        <method signature="TCKTestSuite.testListBlobs()[pri:0, instance:org.akubraproject.www.WWWTCKTest@49d8c528]" name="testListBlobs" class="org.akubraproject.tck.TCKTestSuite"/>
        <method signature="TCKTestSuite.testSync()[pri:0, instance:org.akubraproject.www.WWWTCKTest@49d8c528]" name="testSync" class="org.akubraproject.tck.TCKTestSuite"/>
      </group> <!-- connection -->
      <group name="manipulatesBlobs">
        <method signature="TCKTestSuite.testBasicCommit()[pri:0, instance:org.akubraproject.www.WWWTCKTest@49d8c528]" name="testBasicCommit" class="org.akubraproject.tck.TCKTestSuite"/>
        <method signature="TCKTestSuite.testBasicRollback()[pri:0, instance:org.akubraproject.www.WWWTCKTest@49d8c528]" name="testBasicRollback" class="org.akubraproject.tck.TCKTestSuite"/>
        <method signature="TCKTestSuite.testBlobFromStream()[pri:0, instance:org.akubraproject.www.WWWTCKTest@49d8c528]" name="testBlobFromStream" class="org.akubraproject.tck.TCKTestSuite"/>
        <method signature="TCKTestSuite.testBlobUpdate()[pri:0, instance:org.akubraproject.www.WWWTCKTest@49d8c528]" name="testBlobUpdate" class="org.akubraproject.tck.TCKTestSuite"/>
        <method signature="TCKTestSuite.testCanonicalId()[pri:0, instance:org.akubraproject.www.WWWTCKTest@49d8c528]" name="testCanonicalId" class="org.akubraproject.tck.TCKTestSuite"/>
        <method signature="TCKTestSuite.testCloseConnection()[pri:0, instance:org.akubraproject.www.WWWTCKTest@49d8c528]" name="testCloseConnection" class="org.akubraproject.tck.TCKTestSuite"/>
        <method signature="TCKTestSuite.testDelete()[pri:0, instance:org.akubraproject.www.WWWTCKTest@49d8c528]" name="testDelete" class="org.akubraproject.tck.TCKTestSuite"/>
        <method signature="TCKTestSuite.testIdGeneration()[pri:0, instance:org.akubraproject.www.WWWTCKTest@49d8c528]" name="testIdGeneration" class="org.akubraproject.tck.TCKTestSuite"/>
        <method signature="TCKTestSuite.testIdValidation()[pri:0, instance:org.akubraproject.www.WWWTCKTest@49d8c528]" name="testIdValidation" class="org.akubraproject.tck.TCKTestSuite"/>
        <method signature="TCKTestSuite.testInputStream()[pri:0, instance:org.akubraproject.www.WWWTCKTest@49d8c528]" name="testInputStream" class="org.akubraproject.tck.TCKTestSuite"/>
        <method signature="TCKTestSuite.testListBlobs()[pri:0, instance:org.akubraproject.www.WWWTCKTest@49d8c528]" name="testListBlobs" class="org.akubraproject.tck.TCKTestSuite"/>
        <method signature="TCKTestSuite.testMoveTo()[pri:0, instance:org.akubraproject.www.WWWTCKTest@49d8c528]" name="testMoveTo" class="org.akubraproject.tck.TCKTestSuite"/>
        <method signature="TCKTestSuite.testNonExistentBlob()[pri:0, instance:org.akubraproject.www.WWWTCKTest@49d8c528]" name="testNonExistentBlob" class="org.akubraproject.tck.TCKTestSuite"/>
        <method signature="TCKTestSuite.testOutputStream()[pri:0, instance:org.akubraproject.www.WWWTCKTest@49d8c528]" name="testOutputStream" class="org.akubraproject.tck.TCKTestSuite"/>
        <method signature="TCKTestSuite.testSync()[pri:0, instance:org.akubraproject.www.WWWTCKTest@49d8c528]" name="testSync" class="org.akubraproject.tck.TCKTestSuite"/>
      </group> <!-- manipulatesBlobs -->
      <group name="post">
        <method signature="TCKTestSuite.testCleanup()[pri:0, instance:org.akubraproject.www.WWWTCKTest@49d8c528]" name="testCleanup" class="org.akubraproject.tck.TCKTestSuite"/>
      </group> <!-- post -->
      <group name="store">
        <method signature="TCKTestSuite.testGetId()[pri:0, instance:org.akubraproject.www.WWWTCKTest@49d8c528]" name="testGetId" class="org.akubraproject.tck.TCKTestSuite"/>
        <method signature="TCKTestSuite.testOpenConnectionNoTransaction()[pri:0, instance:org.akubraproject.www.WWWTCKTest@49d8c528]" name="testOpenConnectionNoTransaction" class="org.akubraproject.tck.TCKTestSuite"/>
        <method signature="TCKTestSuite.testOpenConnectionWithTransaction()[pri:0, instance:org.akubraproject.www.WWWTCKTest@49d8c528]" name="testOpenConnectionWithTransaction" class="org.akubraproject.tck.TCKTestSuite"/>
      </group> <!-- store -->
      <group name="transaction">
        <method signature="TCKTestSuite.testBasicCommit()[pri:0, instance:org.akubraproject.www.WWWTCKTest@49d8c528]" name="testBasicCommit" class="org.akubraproject.tck.TCKTestSuite"/>
        <method signature="TCKTestSuite.testBasicRollback()[pri:0, instance:org.akubraproject.www.WWWTCKTest@49d8c528]" name="testBasicRollback" class="org.akubraproject.tck.TCKTestSuite"/>
      </group> <!-- transaction -->
      <group name="init">
        <method signature="TCKTestSuite.testInit()[pri:0, instance:org.akubraproject.www.WWWTCKTest@49d8c528]" name="testInit" class="org.akubraproject.tck.TCKTestSuite"/>
      </group> <!-- init -->
    </groups>
    <test name="Command line test" duration-ms="540" started-at="2012-03-03T10:55:24Z" finished-at="2012-03-03T10:55:24Z">
      <class name="org.akubraproject.www.WWWStoreTest">
        <test-method status="PASS" signature="testGetId()[pri:0, instance:org.akubraproject.www.WWWStoreTest@5c435a3a]" name="testGetId" duration-ms="0" started-at="2012-03-03T10:55:24Z" finished-at="2012-03-03T10:55:24Z">
        </test-method> <!-- testGetId -->
      </class> <!-- org.akubraproject.www.WWWStoreTest -->
      <class name="org.akubraproject.www.WWWTCKTest">
        <test-method status="PASS" signature="testGetId()[pri:0, instance:org.akubraproject.www.WWWTCKTest@49d8c528]" name="testGetId" duration-ms="3" started-at="2012-03-03T10:55:24Z" finished-at="2012-03-03T10:55:24Z">
        </test-method> <!-- testGetId -->
        <test-method status="PASS" signature="testInit()[pri:0, instance:org.akubraproject.www.WWWTCKTest@49d8c528]" name="testInit" duration-ms="0" started-at="2012-03-03T10:55:24Z" finished-at="2012-03-03T10:55:24Z">
        </test-method> <!-- testInit -->
        <test-method status="PASS" signature="testBasicCommit()[pri:0, instance:org.akubraproject.www.WWWTCKTest@49d8c528]" name="testBasicCommit" duration-ms="0" depends-on-groups="init" started-at="2012-03-03T10:55:24Z" finished-at="2012-03-03T10:55:24Z">
        </test-method> <!-- testBasicCommit -->
        <test-method status="PASS" signature="testBasicRollback()[pri:0, instance:org.akubraproject.www.WWWTCKTest@49d8c528]" name="testBasicRollback" duration-ms="0" depends-on-groups="init" started-at="2012-03-03T10:55:24Z" finished-at="2012-03-03T10:55:24Z">
        </test-method> <!-- testBasicRollback -->
        <test-method status="PASS" signature="testBlobFromStream()[pri:0, instance:org.akubraproject.www.WWWTCKTest@49d8c528]" name="testBlobFromStream" duration-ms="2" depends-on-groups="init" started-at="2012-03-03T10:55:24Z" finished-at="2012-03-03T10:55:24Z">
        </test-method> <!-- testBlobFromStream -->
        <test-method status="PASS" signature="testBlobUpdate()[pri:0, instance:org.akubraproject.www.WWWTCKTest@49d8c528]" name="testBlobUpdate" duration-ms="22" depends-on-groups="init" started-at="2012-03-03T10:55:24Z" finished-at="2012-03-03T10:55:24Z">
        </test-method> <!-- testBlobUpdate -->
        <test-method status="PASS" signature="testCanonicalId()[pri:0, instance:org.akubraproject.www.WWWTCKTest@49d8c528]" name="testCanonicalId" duration-ms="1" depends-on-groups="init" started-at="2012-03-03T10:55:24Z" finished-at="2012-03-03T10:55:24Z">
        </test-method> <!-- testCanonicalId -->
        <test-method status="PASS" signature="testCloseConnection()[pri:0, instance:org.akubraproject.www.WWWTCKTest@49d8c528]" name="testCloseConnection" duration-ms="5" depends-on-groups="init" started-at="2012-03-03T10:55:24Z" finished-at="2012-03-03T10:55:24Z">
        </test-method> <!-- testCloseConnection -->
        <test-method status="PASS" signature="testClosedConnection()[pri:0, instance:org.akubraproject.www.WWWTCKTest@49d8c528]" name="testClosedConnection" duration-ms="16" depends-on-groups="init" started-at="2012-03-03T10:55:24Z" finished-at="2012-03-03T10:55:24Z">
        </test-method> <!-- testClosedConnection -->
        <test-method status="PASS" signature="testDelete()[pri:0, instance:org.akubraproject.www.WWWTCKTest@49d8c528]" name="testDelete" duration-ms="6" depends-on-groups="init" started-at="2012-03-03T10:55:24Z" finished-at="2012-03-03T10:55:24Z">
        </test-method> <!-- testDelete -->
        <test-method status="PASS" signature="testIdGeneration()[pri:0, instance:org.akubraproject.www.WWWTCKTest@49d8c528]" name="testIdGeneration" duration-ms="2" depends-on-groups="init" started-at="2012-03-03T10:55:24Z" finished-at="2012-03-03T10:55:24Z">
        </test-method> <!-- testIdGeneration -->
        <test-method status="PASS" signature="testIdValidation()[pri:0, instance:org.akubraproject.www.WWWTCKTest@49d8c528]" name="testIdValidation" duration-ms="8" depends-on-groups="init" started-at="2012-03-03T10:55:24Z" finished-at="2012-03-03T10:55:24Z">
        </test-method> <!-- testIdValidation -->
        <test-method status="PASS" signature="testInputStream()[pri:0, instance:org.akubraproject.www.WWWTCKTest@49d8c528]" name="testInputStream" duration-ms="5" depends-on-groups="init" started-at="2012-03-03T10:55:24Z" finished-at="2012-03-03T10:55:24Z">
        </test-method> <!-- testInputStream -->
        <test-method status="PASS" signature="testListBlobs()[pri:0, instance:org.akubraproject.www.WWWTCKTest@49d8c528]" name="testListBlobs" duration-ms="1" depends-on-groups="init" started-at="2012-03-03T10:55:24Z" finished-at="2012-03-03T10:55:24Z">
        </test-method> <!-- testListBlobs -->
        <test-method status="PASS" signature="testMoveTo()[pri:0, instance:org.akubraproject.www.WWWTCKTest@49d8c528]" name="testMoveTo" duration-ms="1" depends-on-groups="init" started-at="2012-03-03T10:55:24Z" finished-at="2012-03-03T10:55:24Z">
        </test-method> <!-- testMoveTo -->
        <test-method status="PASS" signature="testNonExistentBlob()[pri:0, instance:org.akubraproject.www.WWWTCKTest@49d8c528]" name="testNonExistentBlob" duration-ms="3" depends-on-groups="init" started-at="2012-03-03T10:55:24Z" finished-at="2012-03-03T10:55:24Z">
        </test-method> <!-- testNonExistentBlob -->
        <test-method status="PASS" signature="testOpenConnectionNoTransaction()[pri:0, instance:org.akubraproject.www.WWWTCKTest@49d8c528]" name="testOpenConnectionNoTransaction" duration-ms="1" depends-on-groups="init" started-at="2012-03-03T10:55:24Z" finished-at="2012-03-03T10:55:24Z">
        </test-method> <!-- testOpenConnectionNoTransaction -->
        <test-method status="PASS" signature="testOpenConnectionWithTransaction()[pri:0, instance:org.akubraproject.www.WWWTCKTest@49d8c528]" name="testOpenConnectionWithTransaction" duration-ms="19" depends-on-groups="init" started-at="2012-03-03T10:55:24Z" finished-at="2012-03-03T10:55:24Z">
        </test-method> <!-- testOpenConnectionWithTransaction -->
        <test-method status="PASS" signature="testOutputStream()[pri:0, instance:org.akubraproject.www.WWWTCKTest@49d8c528]" name="testOutputStream" duration-ms="37" depends-on-groups="init" started-at="2012-03-03T10:55:24Z" finished-at="2012-03-03T10:55:24Z">
        </test-method> <!-- testOutputStream -->
        <test-method status="PASS" signature="testSync()[pri:0, instance:org.akubraproject.www.WWWTCKTest@49d8c528]" name="testSync" duration-ms="1" depends-on-groups="init" started-at="2012-03-03T10:55:24Z" finished-at="2012-03-03T10:55:24Z">
        </test-method> <!-- testSync -->
        <test-method status="PASS" signature="testCleanup()[pri:0, instance:org.akubraproject.www.WWWTCKTest@49d8c528]" name="testCleanup" duration-ms="0" depends-on-groups="manipulatesBlobs" started-at="2012-03-03T10:55:24Z" finished-at="2012-03-03T10:55:24Z">
        </test-method> <!-- testCleanup -->
      </class> <!-- org.akubraproject.www.WWWTCKTest -->
      <class name="org.akubraproject.www.WWWConnectionTest">
        <test-method status="PASS" signature="testClose()[pri:0, instance:org.akubraproject.www.WWWConnectionTest@5e2b323e]" name="testClose" duration-ms="1" started-at="2012-03-03T10:55:24Z" finished-at="2012-03-03T10:55:24Z">
          <exception class="java.lang.IllegalStateException">
            <message>
              <![CDATA[Connection closed.]]>
            </message>
            <full-stacktrace>
              <![CDATA[java.lang.IllegalStateException: Connection closed.
	at org.akubraproject.www.WWWConnection.getWWWBlob(WWWConnection.java:90)
	at org.akubraproject.www.WWWConnection.getBlob(WWWConnection.java:114)
	at org.akubraproject.www.WWWConnectionTest.testClose(WWWConnectionTest.java:112)
	at sun.reflect.NativeMethodAccessorImpl.invoke0(Native Method)
	at sun.reflect.NativeMethodAccessorImpl.invoke(NativeMethodAccessorImpl.java:39)
	at sun.reflect.DelegatingMethodAccessorImpl.invoke(DelegatingMethodAccessorImpl.java:25)
	at java.lang.reflect.Method.invoke(Method.java:597)
	at org.testng.internal.MethodInvocationHelper.invokeMethod(MethodInvocationHelper.java:80)
	at org.testng.internal.Invoker.invokeMethod(Invoker.java:701)
	at org.testng.internal.Invoker.invokeTestMethod(Invoker.java:893)
	at org.testng.internal.Invoker.invokeTestMethods(Invoker.java:1218)
	at org.testng.internal.TestMethodWorker.invokeTestMethods(TestMethodWorker.java:127)
	at org.testng.internal.TestMethodWorker.run(TestMethodWorker.java:111)
	at org.testng.TestRunner.privateRun(TestRunner.java:758)
	at org.testng.TestRunner.run(TestRunner.java:613)
	at org.testng.SuiteRunner.runTest(SuiteRunner.java:334)
	at org.testng.SuiteRunner.runSequentially(SuiteRunner.java:329)
	at org.testng.SuiteRunner.privateRun(SuiteRunner.java:291)
	at org.testng.SuiteRunner.run(SuiteRunner.java:240)
	at org.testng.SuiteRunnerWorker.runSuite(SuiteRunnerWorker.java:53)
	at org.testng.SuiteRunnerWorker.run(SuiteRunnerWorker.java:87)
	at org.testng.TestNG.runSuitesSequentially(TestNG.java:1170)
	at org.testng.TestNG.runSuitesLocally(TestNG.java:1095)
	at org.testng.TestNG.run(TestNG.java:1007)
	at org.apache.maven.surefire.testng.TestNGExecutor.run(TestNGExecutor.java:62)
	at org.apache.maven.surefire.testng.TestNGDirectoryTestSuite.execute(TestNGDirectoryTestSuite.java:141)
	at org.apache.maven.surefire.Surefire.run(Surefire.java:177)
	at sun.reflect.NativeMethodAccessorImpl.invoke0(Native Method)
	at sun.reflect.NativeMethodAccessorImpl.invoke(NativeMethodAccessorImpl.java:39)
	at sun.reflect.DelegatingMethodAccessorImpl.invoke(DelegatingMethodAccessorImpl.java:25)
	at java.lang.reflect.Method.invoke(Method.java:597)
	at org.apache.maven.surefire.booter.SurefireBooter.runSuitesInProcess(SurefireBooter.java:345)
	at org.apache.maven.surefire.booter.SurefireBooter.main(SurefireBooter.java:1009)
]]>
            </full-stacktrace>
          </exception> <!-- java.lang.IllegalStateException -->
        </test-method> <!-- testClose -->
        <test-method status="PASS" signature="testListBlobIds()[pri:0, instance:org.akubraproject.www.WWWConnectionTest@5e2b323e]" name="testListBlobIds" duration-ms="0" started-at="2012-03-03T10:55:24Z" finished-at="2012-03-03T10:55:24Z">
          <exception class="java.lang.UnsupportedOperationException">
            <message>
              <![CDATA[blob-id listing not supported]]>
            </message>
            <full-stacktrace>
              <![CDATA[java.lang.UnsupportedOperationException: blob-id listing not supported
	at org.akubraproject.www.WWWConnection.listBlobIds(WWWConnection.java:119)
	at org.akubraproject.www.WWWConnectionTest.testListBlobIds(WWWConnectionTest.java:101)
	at sun.reflect.NativeMethodAccessorImpl.invoke0(Native Method)
	at sun.reflect.NativeMethodAccessorImpl.invoke(NativeMethodAccessorImpl.java:39)
	at sun.reflect.DelegatingMethodAccessorImpl.invoke(DelegatingMethodAccessorImpl.java:25)
	at java.lang.reflect.Method.invoke(Method.java:597)
	at org.testng.internal.MethodInvocationHelper.invokeMethod(MethodInvocationHelper.java:80)
	at org.testng.internal.Invoker.invokeMethod(Invoker.java:701)
	at org.testng.internal.Invoker.invokeTestMethod(Invoker.java:893)
	at org.testng.internal.Invoker.invokeTestMethods(Invoker.java:1218)
	at org.testng.internal.TestMethodWorker.invokeTestMethods(TestMethodWorker.java:127)
	at org.testng.internal.TestMethodWorker.run(TestMethodWorker.java:111)
	at org.testng.TestRunner.privateRun(TestRunner.java:758)
	at org.testng.TestRunner.run(TestRunner.java:613)
	at org.testng.SuiteRunner.runTest(SuiteRunner.java:334)
	at org.testng.SuiteRunner.runSequentially(SuiteRunner.java:329)
	at org.testng.SuiteRunner.privateRun(SuiteRunner.java:291)
	at org.testng.SuiteRunner.run(SuiteRunner.java:240)
	at org.testng.SuiteRunnerWorker.runSuite(SuiteRunnerWorker.java:53)
	at org.testng.SuiteRunnerWorker.run(SuiteRunnerWorker.java:87)
	at org.testng.TestNG.runSuitesSequentially(TestNG.java:1170)
	at org.testng.TestNG.runSuitesLocally(TestNG.java:1095)
	at org.testng.TestNG.run(TestNG.java:1007)
	at org.apache.maven.surefire.testng.TestNGExecutor.run(TestNGExecutor.java:62)
	at org.apache.maven.surefire.testng.TestNGDirectoryTestSuite.execute(TestNGDirectoryTestSuite.java:141)
	at org.apache.maven.surefire.Surefire.run(Surefire.java:177)
	at sun.reflect.NativeMethodAccessorImpl.invoke0(Native Method)
	at sun.reflect.NativeMethodAccessorImpl.invoke(NativeMethodAccessorImpl.java:39)
	at sun.reflect.DelegatingMethodAccessorImpl.invoke(DelegatingMethodAccessorImpl.java:25)
	at java.lang.reflect.Method.invoke(Method.java:597)
	at org.apache.maven.surefire.booter.SurefireBooter.runSuitesInProcess(SurefireBooter.java:345)
	at org.apache.maven.surefire.booter.SurefireBooter.main(SurefireBooter.java:1009)
]]>
            </full-stacktrace>
          </exception> <!-- java.lang.UnsupportedOperationException -->
        </test-method> <!-- testListBlobIds -->
        <test-method status="PASS" signature="testGetBlobStore()[pri:0, instance:org.akubraproject.www.WWWConnectionTest@5e2b323e]" name="testGetBlobStore" duration-ms="0" started-at="2012-03-03T10:55:24Z" finished-at="2012-03-03T10:55:24Z">
        </test-method> <!-- testGetBlobStore -->
        <test-method status="PASS" signature="testGetBlob()[pri:0, instance:org.akubraproject.www.WWWConnectionTest@5e2b323e]" name="testGetBlob" duration-ms="0" started-at="2012-03-03T10:55:24Z" finished-at="2012-03-03T10:55:24Z">
        </test-method> <!-- testGetBlob -->
      </class> <!-- org.akubraproject.www.WWWConnectionTest -->
      <class name="org.akubraproject.www.WWWBlobTest">
        <test-method status="PASS" signature="setUp()[pri:0, instance:org.akubraproject.www.WWWBlobTest@65efb4be]" name="setUp" is-config="true" duration-ms="18" started-at="2012-03-03T10:55:24Z" finished-at="2012-03-03T10:55:24Z">
        </test-method> <!-- setUp -->
        <test-method status="PASS" signature="setUp()[pri:0, instance:org.akubraproject.www.WWWStoreTest@5c435a3a]" name="setUp" is-config="true" duration-ms="1" started-at="2012-03-03T10:55:24Z" finished-at="2012-03-03T10:55:24Z">
        </test-method> <!-- setUp -->
        <test-method status="PASS" signature="setUp()[pri:0, instance:org.akubraproject.www.WWWConnectionTest@5e2b323e]" name="setUp" is-config="true" duration-ms="0" started-at="2012-03-03T10:55:24Z" finished-at="2012-03-03T10:55:24Z">
        </test-method> <!-- setUp -->
        <test-method status="PASS" signature="init()[pri:0, instance:org.akubraproject.www.WWWTCKTest@49d8c528]" name="init" is-config="true" duration-ms="8" started-at="2012-03-03T10:55:24Z" finished-at="2012-03-03T10:55:24Z">
        </test-method> <!-- init -->
        <test-method status="PASS" signature="testGetConnection()[pri:0, instance:org.akubraproject.www.WWWBlobTest@65efb4be]" name="testGetConnection" duration-ms="0" started-at="2012-03-03T10:55:24Z" finished-at="2012-03-03T10:55:24Z">
        </test-method> <!-- testGetConnection -->
        <test-method status="PASS" signature="testOpenInputStream()[pri:0, instance:org.akubraproject.www.WWWBlobTest@65efb4be]" name="testOpenInputStream" duration-ms="275" started-at="2012-03-03T10:55:24Z" finished-at="2012-03-03T10:55:24Z">
        </test-method> <!-- testOpenInputStream -->
        <test-method status="PASS" signature="testWWWBlob()[pri:0, instance:org.akubraproject.www.WWWBlobTest@65efb4be]" name="testWWWBlob" duration-ms="0" started-at="2012-03-03T10:55:24Z" finished-at="2012-03-03T10:55:24Z">
        </test-method> <!-- testWWWBlob -->
        <test-method status="PASS" signature="testGetId()[pri:0, instance:org.akubraproject.www.WWWBlobTest@65efb4be]" name="testGetId" duration-ms="1" started-at="2012-03-03T10:55:24Z" finished-at="2012-03-03T10:55:24Z">
        </test-method> <!-- testGetId -->
        <test-method status="PASS" signature="testGetSize()[pri:0, instance:org.akubraproject.www.WWWBlobTest@65efb4be]" name="testGetSize" duration-ms="1" started-at="2012-03-03T10:55:24Z" finished-at="2012-03-03T10:55:24Z">
        </test-method> <!-- testGetSize -->
        <test-method status="PASS" signature="testOpenOutputStream()[pri:0, instance:org.akubraproject.www.WWWBlobTest@65efb4be]" name="testOpenOutputStream" duration-ms="91" started-at="2012-03-03T10:55:24Z" finished-at="2012-03-03T10:55:24Z">
        </test-method> <!-- testOpenOutputStream -->
        <test-method status="PASS" signature="tearDown()[pri:0, instance:org.akubraproject.www.WWWBlobTest@65efb4be]" name="tearDown" is-config="true" duration-ms="2" started-at="2012-03-03T10:55:24Z" finished-at="2012-03-03T10:55:24Z">
        </test-method> <!-- tearDown -->
        <test-method status="PASS" signature="tearDown()[pri:0, instance:org.akubraproject.www.WWWConnectionTest@5e2b323e]" name="tearDown" is-config="true" duration-ms="1" started-at="2012-03-03T10:55:24Z" finished-at="2012-03-03T10:55:24Z">
        </test-method> <!-- tearDown -->
        <test-method status="PASS" signature="tearDown()[pri:0, instance:org.akubraproject.www.WWWStoreTest@5c435a3a]" name="tearDown" is-config="true" duration-ms="0" started-at="2012-03-03T10:55:24Z" finished-at="2012-03-03T10:55:24Z">
        </test-method> <!-- tearDown -->
      </class> <!-- org.akubraproject.www.WWWBlobTest -->
    </test> <!-- Command line test -->
  </suite> <!-- Command line suite -->
</testng-results>
