<?xml version="1.0" encoding="UTF-8" ?>
<testsuite failures="0" time="1.406" errors="0" skipped="0" tests="32" name="TestSuite">
  <properties>
[...]
</properties>
  <testcase time="0.005" classname="org.akubraproject.www.WWWTCKTest" name="testGetId"/>
  <testcase time="0" classname="org.akubraproject.www.WWWTCKTest" name="testInit"/>
  <testcase time="0" classname="org.akubraproject.www.WWWBlobTest" name="testGetConnection"/>
  <testcase time="0.275" classname="org.akubraproject.www.WWWBlobTest" name="testOpenInputStream"/>
  <testcase time="0" classname="org.akubraproject.www.WWWBlobTest" name="testWWWBlob"/>
  <testcase time="0" classname="org.akubraproject.www.WWWBlobTest" name="testGetId"/>
  <testcase time="0" classname="org.akubraproject.www.WWWBlobTest" name="testGetSize"/>
  <testcase time="0.091" classname="org.akubraproject.www.WWWBlobTest" name="testOpenOutputStream"/>
  <testcase time="0" classname="org.akubraproject.www.WWWConnectionTest" name="testListBlobIds"/>
  <testcase time="0.001" classname="org.akubraproject.www.WWWConnectionTest" name="testClose"/>
  <testcase time="0.001" classname="org.akubraproject.www.WWWConnectionTest" name="testGetBlobStore"/>
  <testcase time="0" classname="org.akubraproject.www.WWWConnectionTest" name="testGetBlob"/>
  <testcase time="0" classname="org.akubraproject.www.WWWStoreTest" name="testGetId"/>
  <testcase time="0" classname="org.akubraproject.www.WWWTCKTest" name="testBasicCommit"/>
  <testcase time="0" classname="org.akubraproject.www.WWWTCKTest" name="testBasicRollback"/>
  <testcase time="0.002" classname="org.akubraproject.www.WWWTCKTest" name="testBlobFromStream"/>
  <testcase time="0.022" classname="org.akubraproject.www.WWWTCKTest" name="testBlobUpdate"/>
  <testcase time="0.001" classname="org.akubraproject.www.WWWTCKTest" name="testCanonicalId"/>
  <testcase time="0.004" classname="org.akubraproject.www.WWWTCKTest" name="testCloseConnection"/>
  <testcase time="0.016" classname="org.akubraproject.www.WWWTCKTest" name="testClosedConnection"/>
  <testcase time="0.006" classname="org.akubraproject.www.WWWTCKTest" name="testDelete"/>
  <testcase time="0.002" classname="org.akubraproject.www.WWWTCKTest" name="testIdGeneration"/>
  <testcase time="0.008" classname="org.akubraproject.www.WWWTCKTest" name="testIdValidation"/>
  <testcase time="0.005" classname="org.akubraproject.www.WWWTCKTest" name="testInputStream"/>
  <testcase time="0.001" classname="org.akubraproject.www.WWWTCKTest" name="testListBlobs"/>
  <testcase time="0.001" classname="org.akubraproject.www.WWWTCKTest" name="testMoveTo"/>
  <testcase time="0.003" classname="org.akubraproject.www.WWWTCKTest" name="testNonExistentBlob"/>
  <testcase time="0.001" classname="org.akubraproject.www.WWWTCKTest" name="testOpenConnectionNoTransaction"/>
  <testcase time="0.019" classname="org.akubraproject.www.WWWTCKTest" name="testOpenConnectionWithTransaction"/>
  <testcase time="0.037" classname="org.akubraproject.www.WWWTCKTest" name="testOutputStream"/>
  <testcase time="0.001" classname="org.akubraproject.www.WWWTCKTest" name="testSync"/>
  <testcase time="0" classname="org.akubraproject.www.WWWTCKTest" name="testCleanup"/>
</testsuite>