<?xml version="1.0" encoding="UTF-8" ?>
<testsuite failures="0" time="15.313" errors="0" skipped="0" tests="151" name="TestSuite">
  <properties>
[...]
</properties>
  <testcase time="0.007" classname="org.akubraproject.rmi.client.ClientBlobTest" name="testDelete"/>
  <testcase time="0.002" classname="org.akubraproject.rmi.client.ClientBlobTest" name="testExists"/>
  <testcase time="0" classname="org.akubraproject.rmi.client.ClientBlobTest" name="testGetSize"/>
  <testcase time="0.02" classname="org.akubraproject.rmi.client.ClientBlobTest" name="testMoveTo"/>
  <testcase time="0.015" classname="org.akubraproject.rmi.client.ClientBlobTest" name="testOpenInputStream"/>
  <testcase time="0.02" classname="org.akubraproject.rmi.client.ClientBlobTest" name="testOpenOutputStream"/>
  <testcase time="0.001" classname="org.akubraproject.rmi.client.ClientConnectionTest" name="testClose"/>
  <testcase time="0.025" classname="org.akubraproject.rmi.client.ClientConnectionTest" name="testGetBlobInputStreamLongMapOfStringString"/>
  <testcase time="0.007" classname="org.akubraproject.rmi.client.ClientConnectionTest" name="testGetBlobURIMapOfStringString"/>
  <testcase time="0.009" classname="org.akubraproject.rmi.client.ClientConnectionTest" name="testListBlobIds"/>
  <testcase time="0" classname="org.akubraproject.rmi.client.ClientInputStreamTest" name="testClientInputStream"/>
  <testcase time="0.003" classname="org.akubraproject.rmi.client.ClientInputStreamTest" name="testClose"/>
  <testcase time="0.003" classname="org.akubraproject.rmi.client.ClientInputStreamTest" name="testRead"/>
  <testcase time="0.002" classname="org.akubraproject.rmi.client.ClientInputStreamTest" name="testReadByteArray"/>
  <testcase time="0.001" classname="org.akubraproject.rmi.client.ClientInputStreamTest" name="testReadByteArrayIntInt"/>
  <testcase time="0.001" classname="org.akubraproject.rmi.client.ClientInputStreamTest" name="testSkip"/>
  <testcase time="0.002" classname="org.akubraproject.rmi.client.ClientIteratorTest" name="testHasNext"/>
  <testcase time="0.002" classname="org.akubraproject.rmi.client.ClientIteratorTest" name="testNext"/>
  <testcase time="0.001" classname="org.akubraproject.rmi.client.ClientIteratorTest" name="testRemove"/>
  <testcase time="0.013" classname="org.akubraproject.rmi.client.ClientStoreTest" name="testOpenConnection"/>
  <testcase time="0.001" classname="org.akubraproject.rmi.client.ClientSynchronizationTest" name="testAfterCompletion"/>
  <testcase time="0.001" classname="org.akubraproject.rmi.client.ClientSynchronizationTest" name="testBeforeCompletion"/>
  <testcase time="0.001" classname="org.akubraproject.rmi.client.ClientXAResourceTest" name="testCommit"/>
  <testcase time="0" classname="org.akubraproject.rmi.client.ClientXAResourceTest" name="testEnd"/>
  <testcase time="0" classname="org.akubraproject.rmi.client.ClientXAResourceTest" name="testForget"/>
  <testcase time="0" classname="org.akubraproject.rmi.client.ClientXAResourceTest" name="testGetTransactionTimeout"/>
  <testcase time="0" classname="org.akubraproject.rmi.client.ClientXAResourceTest" name="testIsSameRM"/>
  <testcase time="0" classname="org.akubraproject.rmi.client.ClientXAResourceTest" name="testPrepare"/>
  <testcase time="0" classname="org.akubraproject.rmi.client.ClientXAResourceTest" name="testRecover"/>
  <testcase time="0.001" classname="org.akubraproject.rmi.client.ClientXAResourceTest" name="testRollback"/>
  <testcase time="0" classname="org.akubraproject.rmi.client.ClientXAResourceTest" name="testSetTransactionTimeout"/>
  <testcase time="0.001" classname="org.akubraproject.rmi.client.ClientXAResourceTest" name="testStart"/>
  <testcase time="0.011" classname="org.akubraproject.rmi.MemStoreConnectionTest" name="testCASBlob"/>
  <testcase time="0.003" classname="org.akubraproject.rmi.MemStoreConnectionTest" name="testGenerateBlob"/>
  <testcase time="0.026" classname="org.akubraproject.rmi.MemStoreConnectionTest" name="testListBlobIds"/>
  <testcase time="0.025" classname="org.akubraproject.rmi.MemStoreConnectionTest" name="testMove"/>
  <testcase time="0.004" classname="org.akubraproject.rmi.MemStoreConnectionTest" name="testUseAppBlob"/>
  <testcase time="0.004" classname="org.akubraproject.rmi.MemStoreTest" name="testOpenConnectionWithNullTxn"/>
  <testcase time="0.004" classname="org.akubraproject.rmi.MemStoreTest" name="testOpenConnectionWithTxn"/>
  <testcase time="0" classname="org.akubraproject.rmi.server.ServerBlobTest" name="testDelete"/>
  <testcase time="0" classname="org.akubraproject.rmi.server.ServerBlobTest" name="testExists"/>
  <testcase time="0" classname="org.akubraproject.rmi.server.ServerBlobTest" name="testGetId"/>
  <testcase time="0" classname="org.akubraproject.rmi.server.ServerBlobTest" name="testGetSize"/>
  <testcase time="0.001" classname="org.akubraproject.rmi.server.ServerBlobTest" name="testMoveTo"/>
  <testcase time="0.001" classname="org.akubraproject.rmi.server.ServerBlobTest" name="testOpenInputStream"/>
  <testcase time="0" classname="org.akubraproject.rmi.server.ServerBlobTest" name="testOpenOutputStream"/>
  <testcase time="0.001" classname="org.akubraproject.rmi.server.ServerBlobTest" name="testServerBlob"/>
  <testcase time="0" classname="org.akubraproject.rmi.server.ServerInputStreamTest" name="testClose"/>
  <testcase time="0.001" classname="org.akubraproject.rmi.server.ServerInputStreamTest" name="testRead"/>
  <testcase time="0" classname="org.akubraproject.rmi.server.ServerInputStreamTest" name="testReadInt"/>
  <testcase time="0.001" classname="org.akubraproject.rmi.server.ServerInputStreamTest" name="testServerInputStream"/>
  <testcase time="0" classname="org.akubraproject.rmi.server.ServerInputStreamTest" name="testSkip"/>
  <testcase time="0.001" classname="org.akubraproject.rmi.server.ServerInputStreamTest" name="testUnreferenced"/>
  <testcase time="0.001" classname="org.akubraproject.rmi.server.ServerIteratorTest" name="testNext"/>
  <testcase time="0" classname="org.akubraproject.rmi.server.ServerIteratorTest" name="testServerIterator"/>
  <testcase time="0" classname="org.akubraproject.rmi.server.ServerIteratorTest" name="testUnExport"/>
  <testcase time="0.001" classname="org.akubraproject.rmi.server.ServerOutputStreamTest" name="testClose"/>
  <testcase time="0" classname="org.akubraproject.rmi.server.ServerOutputStreamTest" name="testFlush"/>
  <testcase time="0.001" classname="org.akubraproject.rmi.server.ServerOutputStreamTest" name="testServerOutputStream"/>
  <testcase time="0" classname="org.akubraproject.rmi.server.ServerOutputStreamTest" name="testUnreferenced"/>
  <testcase time="0.001" classname="org.akubraproject.rmi.server.ServerOutputStreamTest" name="testWriteByteArray"/>
  <testcase time="0" classname="org.akubraproject.rmi.server.ServerOutputStreamTest" name="testWriteInt"/>
  <testcase time="0" classname="org.akubraproject.rmi.server.ServerOutputStreamTest" name="testWritePartialBuffer"/>
  <testcase time="0" classname="org.akubraproject.rmi.server.ServerSynchronizationTest" name="testAfterCompletion"/>
  <testcase time="0" classname="org.akubraproject.rmi.server.ServerSynchronizationTest" name="testBeforeCompletion"/>
  <testcase time="0" classname="org.akubraproject.rmi.server.ServerSynchronizationTest" name="testServerSynchronization"/>
  <testcase time="0" classname="org.akubraproject.rmi.server.ServerTransactionListenerTest" name="testCommit"/>
  <testcase time="0.002" classname="org.akubraproject.rmi.server.ServerTransactionListenerTest" name="testGetStatus"/>
  <testcase time="0.001" classname="org.akubraproject.rmi.server.ServerTransactionListenerTest" name="testRegisterSynchronization"/>
  <testcase time="0.001" classname="org.akubraproject.rmi.server.ServerTransactionListenerTest" name="testRollback"/>
  <testcase time="0" classname="org.akubraproject.rmi.server.ServerTransactionListenerTest" name="testSetRollbackOnly"/>
  <testcase time="0.002" classname="org.akubraproject.rmi.server.ServerTransactionListenerTest" name="testXAResource"/>
  <testcase time="0.008" classname="org.akubraproject.rmi.ServiceTest" name="testDefault"/>
  <testcase time="0.008" classname="org.akubraproject.rmi.ServiceTest" name="testLookupByUri"/>
  <testcase time="0.009" classname="org.akubraproject.rmi.ServiceTest" name="testWithNameAndAlternatePorts"/>
  <testcase time="0.023" classname="org.akubraproject.rmi.ServiceTest" name="testWithNameAndPort"/>
  <testcase time="0.009" classname="org.akubraproject.rmi.ServiceTest" name="testWithPort"/>
  <testcase time="0" classname="org.akubraproject.rmi.RmiStoreTckTest$RmiStoreTestSuite" name="testGetId"/>
  <testcase time="0" classname="org.akubraproject.rmi.RmiStoreTckTest$RmiStoreTestSuite" name="testInit"/>
  <testcase time="0" classname="org.akubraproject.rmi.RmiStoreTckTest$RmiStoreTestSuite" name="testInit"/>
  <testcase time="0" classname="org.akubraproject.rmi.RmiStoreTckTest$RmiStoreTestSuite" name="testGetId"/>
  <testcase time="0" classname="org.akubraproject.rmi.server.ServerXAResourceTest" name="testPrepare"/>
  <testcase time="0.001" classname="org.akubraproject.rmi.server.ServerXAResourceTest" name="testIsSameRM"/>
  <testcase time="0" classname="org.akubraproject.rmi.server.ServerXAResourceTest" name="testRecover"/>
  <testcase time="0.001" classname="org.akubraproject.rmi.server.ServerXAResourceTest" name="testServerXAResource"/>
  <testcase time="0" classname="org.akubraproject.rmi.server.ServerXAResourceTest" name="testSetTransactionTimeout"/>
  <testcase time="0" classname="org.akubraproject.rmi.server.ServerXAResourceTest" name="testForget"/>
  <testcase time="0" classname="org.akubraproject.rmi.server.ServerXAResourceTest" name="testRollback"/>
  <testcase time="0" classname="org.akubraproject.rmi.server.ServerXAResourceTest" name="testEnd"/>
  <testcase time="0" classname="org.akubraproject.rmi.server.ServerXAResourceTest" name="testCommit"/>
  <testcase time="0" classname="org.akubraproject.rmi.server.ServerXAResourceTest" name="testStart"/>
  <testcase time="0" classname="org.akubraproject.rmi.server.ServerXAResourceTest" name="testGetTransactionTimeout"/>
  <testcase time="0.133" classname="org.akubraproject.rmi.TransactionalStoreTest" name="testOpenConnectionWithTransaction"/>
  <testcase time="0.005" classname="org.akubraproject.rmi.TransactionalStoreTest" name="testOpenConnectionNoTransaction"/>
  <testcase time="0.276" classname="org.akubraproject.rmi.TransactionalStoreTest" name="testBasicCommit"/>
  <testcase time="0.375" classname="org.akubraproject.rmi.TransactionalStoreTest" name="testBasicRollback"/>
  <testcase time="0.001" classname="org.akubraproject.rmi.TransactionalStoreTest" name="testGetId"/>
  <testcase time="7.18" classname="org.akubraproject.rmi.TransactionalStoreTest" name="testMTStress"/>
  <testcase time="0.001" classname="org.akubraproject.rmi.client.ClientOutputStreamTest" name="testClientOutputStream"/>
  <testcase time="0.006" classname="org.akubraproject.rmi.client.ClientOutputStreamTest" name="testWriteByteArrayIntInt"/>
  <testcase time="0.001" classname="org.akubraproject.rmi.client.ClientOutputStreamTest" name="testWriteInt"/>
  <testcase time="0.001" classname="org.akubraproject.rmi.client.ClientOutputStreamTest" name="testWriteByteArray"/>
  <testcase time="0.001" classname="org.akubraproject.rmi.client.ClientOutputStreamTest" name="testFlush"/>
  <testcase time="0.002" classname="org.akubraproject.rmi.client.ClientOutputStreamTest" name="testClose"/>
  <testcase time="0.001" classname="org.akubraproject.rmi.server.ServerStoreTest" name="testServerStore"/>
  <testcase time="0.001" classname="org.akubraproject.rmi.server.ServerStoreTest" name="testOpenConnection"/>
  <testcase time="0.002" classname="org.akubraproject.rmi.server.ServerStoreTest" name="testStartTransaction"/>
  <testcase time="0.001" classname="org.akubraproject.rmi.server.ServerConnectionTest" name="testGetBlobURIMapOfStringString"/>
  <testcase time="0" classname="org.akubraproject.rmi.server.ServerConnectionTest" name="testListBlobIds"/>
  <testcase time="0" classname="org.akubraproject.rmi.server.ServerConnectionTest" name="testServerConnection"/>
  <testcase time="0" classname="org.akubraproject.rmi.server.ServerConnectionTest" name="testClose"/>
  <testcase time="0.005" classname="org.akubraproject.rmi.server.ServerConnectionTest" name="testGetBlobCreator"/>
  <testcase time="0" classname="org.akubraproject.rmi.server.ServerConnectionTest" name="testUnreferenced"/>
  <testcase time="0.354" classname="org.akubraproject.rmi.RmiStoreTckTest$RmiStoreTestSuite" name="testBasicCommit"/>
  <testcase time="0.268" classname="org.akubraproject.rmi.RmiStoreTckTest$RmiStoreTestSuite" name="testBasicRollback"/>
  <testcase time="0.014" classname="org.akubraproject.rmi.RmiStoreTckTest$RmiStoreTestSuite" name="testBlobFromStream"/>
  <testcase time="0.12" classname="org.akubraproject.rmi.RmiStoreTckTest$RmiStoreTestSuite" name="testBlobUpdate"/>
  <testcase time="0.013" classname="org.akubraproject.rmi.RmiStoreTckTest$RmiStoreTestSuite" name="testCanonicalId"/>
  <testcase time="0.195" classname="org.akubraproject.rmi.RmiStoreTckTest$RmiStoreTestSuite" name="testCloseConnection"/>
  <testcase time="0.092" classname="org.akubraproject.rmi.RmiStoreTckTest$RmiStoreTestSuite" name="testClosedConnection"/>
  <testcase time="0.063" classname="org.akubraproject.rmi.RmiStoreTckTest$RmiStoreTestSuite" name="testDelete"/>
  <testcase time="0.011" classname="org.akubraproject.rmi.RmiStoreTckTest$RmiStoreTestSuite" name="testIdGeneration"/>
  <testcase time="0.044" classname="org.akubraproject.rmi.RmiStoreTckTest$RmiStoreTestSuite" name="testIdValidation"/>
  <testcase time="0.061" classname="org.akubraproject.rmi.RmiStoreTckTest$RmiStoreTestSuite" name="testInputStream"/>
  <testcase time="0.361" classname="org.akubraproject.rmi.RmiStoreTckTest$RmiStoreTestSuite" name="testListBlobs"/>
  <testcase time="0.323" classname="org.akubraproject.rmi.RmiStoreTckTest$RmiStoreTestSuite" name="testMoveTo"/>
  <testcase time="0.037" classname="org.akubraproject.rmi.RmiStoreTckTest$RmiStoreTestSuite" name="testNonExistentBlob"/>
  <testcase time="0.002" classname="org.akubraproject.rmi.RmiStoreTckTest$RmiStoreTestSuite" name="testOpenConnectionNoTransaction"/>
  <testcase time="0.009" classname="org.akubraproject.rmi.RmiStoreTckTest$RmiStoreTestSuite" name="testOpenConnectionWithTransaction"/>
  <testcase time="0.428" classname="org.akubraproject.rmi.RmiStoreTckTest$RmiStoreTestSuite" name="testOutputStream"/>
  <testcase time="0.107" classname="org.akubraproject.rmi.RmiStoreTckTest$RmiStoreTestSuite" name="testSync"/>
  <testcase time="0" classname="org.akubraproject.rmi.RmiStoreTckTest$RmiStoreTestSuite" name="testBasicCommit"/>
  <testcase time="0.001" classname="org.akubraproject.rmi.RmiStoreTckTest$RmiStoreTestSuite" name="testBasicRollback"/>
  <testcase time="0.077" classname="org.akubraproject.rmi.RmiStoreTckTest$RmiStoreTestSuite" name="testBlobFromStream"/>
  <testcase time="0.037" classname="org.akubraproject.rmi.RmiStoreTckTest$RmiStoreTestSuite" name="testBlobUpdate"/>
  <testcase time="0.002" classname="org.akubraproject.rmi.RmiStoreTckTest$RmiStoreTestSuite" name="testCanonicalId"/>
  <testcase time="0.012" classname="org.akubraproject.rmi.RmiStoreTckTest$RmiStoreTestSuite" name="testCloseConnection"/>
  <testcase time="0.013" classname="org.akubraproject.rmi.RmiStoreTckTest$RmiStoreTestSuite" name="testDelete"/>
  <testcase time="0.003" classname="org.akubraproject.rmi.RmiStoreTckTest$RmiStoreTestSuite" name="testIdGeneration"/>
  <testcase time="0.009" classname="org.akubraproject.rmi.RmiStoreTckTest$RmiStoreTestSuite" name="testIdValidation"/>
  <testcase time="0.03" classname="org.akubraproject.rmi.RmiStoreTckTest$RmiStoreTestSuite" name="testInputStream"/>
  <testcase time="0.071" classname="org.akubraproject.rmi.RmiStoreTckTest$RmiStoreTestSuite" name="testListBlobs"/>
  <testcase time="0.062" classname="org.akubraproject.rmi.RmiStoreTckTest$RmiStoreTestSuite" name="testMoveTo"/>
  <testcase time="0.006" classname="org.akubraproject.rmi.RmiStoreTckTest$RmiStoreTestSuite" name="testNonExistentBlob"/>
  <testcase time="0.131" classname="org.akubraproject.rmi.RmiStoreTckTest$RmiStoreTestSuite" name="testOutputStream"/>
  <testcase time="0.029" classname="org.akubraproject.rmi.RmiStoreTckTest$RmiStoreTestSuite" name="testSync"/>
  <testcase time="0.016" classname="org.akubraproject.rmi.RmiStoreTckTest$RmiStoreTestSuite" name="testClosedConnection"/>
  <testcase time="0.001" classname="org.akubraproject.rmi.RmiStoreTckTest$RmiStoreTestSuite" name="testOpenConnectionNoTransaction"/>
  <testcase time="0.002" classname="org.akubraproject.rmi.RmiStoreTckTest$RmiStoreTestSuite" name="testOpenConnectionWithTransaction"/>
  <testcase time="0.028" classname="org.akubraproject.rmi.RmiStoreTckTest$RmiStoreTestSuite" name="testCleanup"/>
  <testcase time="0.004" classname="org.akubraproject.rmi.RmiStoreTckTest$RmiStoreTestSuite" name="testCleanup"/>
</testsuite>