<?xml version="1.0" encoding="UTF-8" ?>
<testsuite failures="0" time="11.784" errors="0" skipped="0" tests="26" name="TestSuite">
  <properties>
[...]
</properties>
  <testcase time="0.006" classname="org.akubraproject.txn.derby.TestTransactionalStore" name="testGetId"/>
  <testcase time="0" classname="org.akubraproject.txn.derby.TestTransactionalStore" name="testInit"/>
  <testcase time="0.319" classname="org.akubraproject.txn.derby.TestTransactionalStore" name="testBasicCommit"/>
  <testcase time="0.117" classname="org.akubraproject.txn.derby.TestTransactionalStore" name="testBasicRollback"/>
  <testcase time="0.005" classname="org.akubraproject.txn.derby.TestTransactionalStore" name="testBlobFromStream"/>
  <testcase time="0.049" classname="org.akubraproject.txn.derby.TestTransactionalStore" name="testBlobUpdate"/>
  <testcase time="0.004" classname="org.akubraproject.txn.derby.TestTransactionalStore" name="testCanonicalId"/>
  <testcase time="0.076" classname="org.akubraproject.txn.derby.TestTransactionalStore" name="testCloseConnection"/>
  <testcase time="0.045" classname="org.akubraproject.txn.derby.TestTransactionalStore" name="testClosedConnection"/>
  <testcase time="0.027" classname="org.akubraproject.txn.derby.TestTransactionalStore" name="testDelete"/>
  <testcase time="0.004" classname="org.akubraproject.txn.derby.TestTransactionalStore" name="testIdGeneration"/>
  <testcase time="0.021" classname="org.akubraproject.txn.derby.TestTransactionalStore" name="testIdValidation"/>
  <testcase time="0.03" classname="org.akubraproject.txn.derby.TestTransactionalStore" name="testInputStream"/>
  <testcase time="0.188" classname="org.akubraproject.txn.derby.TestTransactionalStore" name="testListBlobs"/>
  <testcase time="0.13" classname="org.akubraproject.txn.derby.TestTransactionalStore" name="testMoveTo"/>
  <testcase time="0.014" classname="org.akubraproject.txn.derby.TestTransactionalStore" name="testNonExistentBlob"/>
  <testcase time="0.002" classname="org.akubraproject.txn.derby.TestTransactionalStore" name="testOpenConnectionNoTransaction"/>
  <testcase time="0.003" classname="org.akubraproject.txn.derby.TestTransactionalStore" name="testOpenConnectionWithTransaction"/>
  <testcase time="0.235" classname="org.akubraproject.txn.derby.TestTransactionalStore" name="testOutputStream"/>
  <testcase time="0.075" classname="org.akubraproject.txn.derby.TestTransactionalStore" name="testSync"/>
  <testcase time="6.475" classname="org.akubraproject.txn.derby.TestTransactionalStore" name="stressTest"/>
  <testcase time="0.154" classname="org.akubraproject.txn.derby.TestTransactionalStore" name="testBasicTransactionIsolation"/>
  <testcase time="0.95" classname="org.akubraproject.txn.derby.TestTransactionalStore" name="testConflicts"/>
  <testcase time="0.233" classname="org.akubraproject.txn.derby.TestTransactionalStore" name="testDeleteCleanup"/>
  <testcase time="0.089" classname="org.akubraproject.txn.derby.TestTransactionalStore" name="testTransactionIsolation2"/>
  <testcase time="0.016" classname="org.akubraproject.txn.derby.TestTransactionalStore" name="testCleanup"/>
</testsuite>