<?xml version="1.0" encoding="UTF-8"?>
<!-- Generated by org.testng.reporters.JUnitXMLReporter -->
<testsuite hostname="entropy.local" name="Command line test" tests="151" failures="0" timestamp="3 Mar 2012 15:54:47 GMT" time="11.416" errors="0">
  <testcase name="testDelete" time="0.0060" classname="org.akubraproject.rmi.client.ClientBlobTest"/>
  <testcase name="testExists" time="0.0020" classname="org.akubraproject.rmi.client.ClientBlobTest"/>
  <testcase name="testGetSize" time="0.0" classname="org.akubraproject.rmi.client.ClientBlobTest"/>
  <testcase name="testMoveTo" time="0.019" classname="org.akubraproject.rmi.client.ClientBlobTest"/>
  <testcase name="testOpenInputStream" time="0.015" classname="org.akubraproject.rmi.client.ClientBlobTest"/>
  <testcase name="testOpenOutputStream" time="0.02" classname="org.akubraproject.rmi.client.ClientBlobTest"/>
  <testcase name="testClose" time="0.0010" classname="org.akubraproject.rmi.client.ClientConnectionTest"/>
  <testcase name="testGetBlobInputStreamLongMapOfStringString" time="0.025" classname="org.akubraproject.rmi.client.ClientConnectionTest"/>
  <testcase name="testGetBlobURIMapOfStringString" time="0.0070" classname="org.akubraproject.rmi.client.ClientConnectionTest"/>
  <testcase name="testListBlobIds" time="0.0090" classname="org.akubraproject.rmi.client.ClientConnectionTest"/>
  <testcase name="testClientInputStream" time="0.0010" classname="org.akubraproject.rmi.client.ClientInputStreamTest"/>
  <testcase name="testClose" time="0.0030" classname="org.akubraproject.rmi.client.ClientInputStreamTest"/>
  <testcase name="testRead" time="0.0040" classname="org.akubraproject.rmi.client.ClientInputStreamTest"/>
  <testcase name="testReadByteArray" time="0.0020" classname="org.akubraproject.rmi.client.ClientInputStreamTest"/>
  <testcase name="testReadByteArrayIntInt" time="0.0010" classname="org.akubraproject.rmi.client.ClientInputStreamTest"/>
  <testcase name="testSkip" time="0.0020" classname="org.akubraproject.rmi.client.ClientInputStreamTest"/>
  <testcase name="testHasNext" time="0.0020" classname="org.akubraproject.rmi.client.ClientIteratorTest"/>
  <testcase name="testNext" time="0.0030" classname="org.akubraproject.rmi.client.ClientIteratorTest"/>
  <testcase name="testRemove" time="0.0020" classname="org.akubraproject.rmi.client.ClientIteratorTest"/>
  <testcase name="testOpenConnection" time="0.013" classname="org.akubraproject.rmi.client.ClientStoreTest"/>
  <testcase name="testAfterCompletion" time="0.0010" classname="org.akubraproject.rmi.client.ClientSynchronizationTest"/>
  <testcase name="testBeforeCompletion" time="0.0010" classname="org.akubraproject.rmi.client.ClientSynchronizationTest"/>
  <testcase name="testCommit" time="0.0010" classname="org.akubraproject.rmi.client.ClientXAResourceTest"/>
  <testcase name="testEnd" time="0.0010" classname="org.akubraproject.rmi.client.ClientXAResourceTest"/>
  <testcase name="testForget" time="0.0" classname="org.akubraproject.rmi.client.ClientXAResourceTest"/>
  <testcase name="testGetTransactionTimeout" time="0.0" classname="org.akubraproject.rmi.client.ClientXAResourceTest"/>
  <testcase name="testIsSameRM" time="0.0" classname="org.akubraproject.rmi.client.ClientXAResourceTest"/>
  <testcase name="testPrepare" time="0.0" classname="org.akubraproject.rmi.client.ClientXAResourceTest"/>
  <testcase name="testRecover" time="0.0" classname="org.akubraproject.rmi.client.ClientXAResourceTest"/>
  <testcase name="testRollback" time="0.0010" classname="org.akubraproject.rmi.client.ClientXAResourceTest"/>
  <testcase name="testSetTransactionTimeout" time="0.0" classname="org.akubraproject.rmi.client.ClientXAResourceTest"/>
  <testcase name="testStart" time="0.0010" classname="org.akubraproject.rmi.client.ClientXAResourceTest"/>
  <testcase name="testCASBlob" time="0.011" classname="org.akubraproject.rmi.MemStoreConnectionTest"/>
  <testcase name="testGenerateBlob" time="0.0030" classname="org.akubraproject.rmi.MemStoreConnectionTest"/>
  <testcase name="testListBlobIds" time="0.027" classname="org.akubraproject.rmi.MemStoreConnectionTest"/>
  <testcase name="testMove" time="0.026" classname="org.akubraproject.rmi.MemStoreConnectionTest"/>
  <testcase name="testUseAppBlob" time="0.0040" classname="org.akubraproject.rmi.MemStoreConnectionTest"/>
  <testcase name="testOpenConnectionWithNullTxn" time="0.0040" classname="org.akubraproject.rmi.MemStoreTest"/>
  <testcase name="testOpenConnectionWithTxn" time="0.0040" classname="org.akubraproject.rmi.MemStoreTest"/>
  <testcase name="testDelete" time="0.0" classname="org.akubraproject.rmi.server.ServerBlobTest"/>
  <testcase name="testExists" time="0.0" classname="org.akubraproject.rmi.server.ServerBlobTest"/>
  <testcase name="testGetId" time="0.0010" classname="org.akubraproject.rmi.server.ServerBlobTest"/>
  <testcase name="testGetSize" time="0.0" classname="org.akubraproject.rmi.server.ServerBlobTest"/>
  <testcase name="testMoveTo" time="0.0010" classname="org.akubraproject.rmi.server.ServerBlobTest"/>
  <testcase name="testOpenInputStream" time="0.0010" classname="org.akubraproject.rmi.server.ServerBlobTest"/>
  <testcase name="testOpenOutputStream" time="0.0" classname="org.akubraproject.rmi.server.ServerBlobTest"/>
  <testcase name="testServerBlob" time="0.0010" classname="org.akubraproject.rmi.server.ServerBlobTest"/>
  <testcase name="testClose" time="0.0" classname="org.akubraproject.rmi.server.ServerInputStreamTest"/>
  <testcase name="testRead" time="0.0010" classname="org.akubraproject.rmi.server.ServerInputStreamTest"/>
  <testcase name="testReadInt" time="0.0" classname="org.akubraproject.rmi.server.ServerInputStreamTest"/>
  <testcase name="testServerInputStream" time="0.0010" classname="org.akubraproject.rmi.server.ServerInputStreamTest"/>
  <testcase name="testSkip" time="0.0" classname="org.akubraproject.rmi.server.ServerInputStreamTest"/>
  <testcase name="testUnreferenced" time="0.0010" classname="org.akubraproject.rmi.server.ServerInputStreamTest"/>
  <testcase name="testNext" time="0.0010" classname="org.akubraproject.rmi.server.ServerIteratorTest"/>
  <testcase name="testServerIterator" time="0.0" classname="org.akubraproject.rmi.server.ServerIteratorTest"/>
  <testcase name="testUnExport" time="0.0" classname="org.akubraproject.rmi.server.ServerIteratorTest"/>
  <testcase name="testClose" time="0.0010" classname="org.akubraproject.rmi.server.ServerOutputStreamTest"/>
  <testcase name="testFlush" time="0.0" classname="org.akubraproject.rmi.server.ServerOutputStreamTest"/>
  <testcase name="testServerOutputStream" time="0.0010" classname="org.akubraproject.rmi.server.ServerOutputStreamTest"/>
  <testcase name="testUnreferenced" time="0.0" classname="org.akubraproject.rmi.server.ServerOutputStreamTest"/>
  <testcase name="testWriteByteArray" time="0.0010" classname="org.akubraproject.rmi.server.ServerOutputStreamTest"/>
  <testcase name="testWriteInt" time="0.0" classname="org.akubraproject.rmi.server.ServerOutputStreamTest"/>
  <testcase name="testWritePartialBuffer" time="0.0" classname="org.akubraproject.rmi.server.ServerOutputStreamTest"/>
  <testcase name="testAfterCompletion" time="0.0010" classname="org.akubraproject.rmi.server.ServerSynchronizationTest"/>
  <testcase name="testBeforeCompletion" time="0.0" classname="org.akubraproject.rmi.server.ServerSynchronizationTest"/>
  <testcase name="testServerSynchronization" time="0.0" classname="org.akubraproject.rmi.server.ServerSynchronizationTest"/>
  <testcase name="testCommit" time="0.0" classname="org.akubraproject.rmi.server.ServerTransactionListenerTest"/>
  <testcase name="testGetStatus" time="0.0020" classname="org.akubraproject.rmi.server.ServerTransactionListenerTest"/>
  <testcase name="testRegisterSynchronization" time="0.0010" classname="org.akubraproject.rmi.server.ServerTransactionListenerTest"/>
  <testcase name="testRollback" time="0.0010" classname="org.akubraproject.rmi.server.ServerTransactionListenerTest"/>
  <testcase name="testSetRollbackOnly" time="0.0" classname="org.akubraproject.rmi.server.ServerTransactionListenerTest"/>
  <testcase name="testXAResource" time="0.0030" classname="org.akubraproject.rmi.server.ServerTransactionListenerTest"/>
  <testcase name="testDefault" time="0.0080" classname="org.akubraproject.rmi.ServiceTest"/>
  <testcase name="testLookupByUri" time="0.0080" classname="org.akubraproject.rmi.ServiceTest"/>
  <testcase name="testWithNameAndAlternatePorts" time="0.0090" classname="org.akubraproject.rmi.ServiceTest"/>
  <testcase name="testWithNameAndPort" time="0.024" classname="org.akubraproject.rmi.ServiceTest"/>
  <testcase name="testWithPort" time="0.0090" classname="org.akubraproject.rmi.ServiceTest"/>
  <testcase name="testGetId" time="0.0010" classname="org.akubraproject.rmi.RmiStoreTckTest$RmiStoreTestSuite"/>
  <testcase name="testInit" time="0.0" classname="org.akubraproject.rmi.RmiStoreTckTest$RmiStoreTestSuite"/>
  <testcase name="testInit" time="0.0" classname="org.akubraproject.rmi.RmiStoreTckTest$RmiStoreTestSuite"/>
  <testcase name="testGetId" time="0.0" classname="org.akubraproject.rmi.RmiStoreTckTest$RmiStoreTestSuite"/>
  <testcase name="testPrepare" time="0.0" classname="org.akubraproject.rmi.server.ServerXAResourceTest"/>
  <testcase name="testIsSameRM" time="0.0010" classname="org.akubraproject.rmi.server.ServerXAResourceTest"/>
  <testcase name="testRecover" time="0.0" classname="org.akubraproject.rmi.server.ServerXAResourceTest"/>
  <testcase name="testServerXAResource" time="0.0" classname="org.akubraproject.rmi.server.ServerXAResourceTest"/>
  <testcase name="testSetTransactionTimeout" time="0.0" classname="org.akubraproject.rmi.server.ServerXAResourceTest"/>
  <testcase name="testForget" time="0.0" classname="org.akubraproject.rmi.server.ServerXAResourceTest"/>
  <testcase name="testRollback" time="0.0" classname="org.akubraproject.rmi.server.ServerXAResourceTest"/>
  <testcase name="testEnd" time="0.0" classname="org.akubraproject.rmi.server.ServerXAResourceTest"/>
  <testcase name="testCommit" time="0.0" classname="org.akubraproject.rmi.server.ServerXAResourceTest"/>
  <testcase name="testStart" time="0.0" classname="org.akubraproject.rmi.server.ServerXAResourceTest"/>
  <testcase name="testGetTransactionTimeout" time="0.0" classname="org.akubraproject.rmi.server.ServerXAResourceTest"/>
  <testcase name="testOpenConnectionWithTransaction" time="0.134" classname="org.akubraproject.rmi.TransactionalStoreTest"/>
  <testcase name="testOpenConnectionNoTransaction" time="0.0050" classname="org.akubraproject.rmi.TransactionalStoreTest"/>
  <testcase name="testBasicCommit" time="0.276" classname="org.akubraproject.rmi.TransactionalStoreTest"/>
  <testcase name="testBasicRollback" time="0.375" classname="org.akubraproject.rmi.TransactionalStoreTest"/>
  <testcase name="testGetId" time="0.0010" classname="org.akubraproject.rmi.TransactionalStoreTest"/>
  <testcase name="testMTStress" time="7.18" classname="org.akubraproject.rmi.TransactionalStoreTest"/>
  <testcase name="testClientOutputStream" time="0.0010" classname="org.akubraproject.rmi.client.ClientOutputStreamTest"/>
  <testcase name="testWriteByteArrayIntInt" time="0.0060" classname="org.akubraproject.rmi.client.ClientOutputStreamTest"/>
  <testcase name="testWriteInt" time="0.0010" classname="org.akubraproject.rmi.client.ClientOutputStreamTest"/>
  <testcase name="testWriteByteArray" time="0.0010" classname="org.akubraproject.rmi.client.ClientOutputStreamTest"/>
  <testcase name="testFlush" time="0.0020" classname="org.akubraproject.rmi.client.ClientOutputStreamTest"/>
  <testcase name="testClose" time="0.0020" classname="org.akubraproject.rmi.client.ClientOutputStreamTest"/>
  <testcase name="testServerStore" time="0.0010" classname="org.akubraproject.rmi.server.ServerStoreTest"/>
  <testcase name="testOpenConnection" time="0.0010" classname="org.akubraproject.rmi.server.ServerStoreTest"/>
  <testcase name="testStartTransaction" time="0.0020" classname="org.akubraproject.rmi.server.ServerStoreTest"/>
  <testcase name="testGetBlobURIMapOfStringString" time="0.0010" classname="org.akubraproject.rmi.server.ServerConnectionTest"/>
  <testcase name="testListBlobIds" time="0.0010" classname="org.akubraproject.rmi.server.ServerConnectionTest"/>
  <testcase name="testServerConnection" time="0.0" classname="org.akubraproject.rmi.server.ServerConnectionTest"/>
  <testcase name="testClose" time="0.0" classname="org.akubraproject.rmi.server.ServerConnectionTest"/>
  <testcase name="testGetBlobCreator" time="0.0060" classname="org.akubraproject.rmi.server.ServerConnectionTest"/>
  <testcase name="testUnreferenced" time="0.0010" classname="org.akubraproject.rmi.server.ServerConnectionTest"/>
  <testcase name="testBasicCommit" time="0.355" classname="org.akubraproject.rmi.RmiStoreTckTest$RmiStoreTestSuite"/>
  <testcase name="testBasicRollback" time="0.268" classname="org.akubraproject.rmi.RmiStoreTckTest$RmiStoreTestSuite"/>
  <testcase name="testBlobFromStream" time="0.014" classname="org.akubraproject.rmi.RmiStoreTckTest$RmiStoreTestSuite"/>
  <testcase name="testBlobUpdate" time="0.12" classname="org.akubraproject.rmi.RmiStoreTckTest$RmiStoreTestSuite"/>
  <testcase name="testCanonicalId" time="0.014" classname="org.akubraproject.rmi.RmiStoreTckTest$RmiStoreTestSuite"/>
  <testcase name="testCloseConnection" time="0.195" classname="org.akubraproject.rmi.RmiStoreTckTest$RmiStoreTestSuite"/>
  <testcase name="testClosedConnection" time="0.093" classname="org.akubraproject.rmi.RmiStoreTckTest$RmiStoreTestSuite"/>
  <testcase name="testDelete" time="0.063" classname="org.akubraproject.rmi.RmiStoreTckTest$RmiStoreTestSuite"/>
  <testcase name="testIdGeneration" time="0.01" classname="org.akubraproject.rmi.RmiStoreTckTest$RmiStoreTestSuite"/>
  <testcase name="testIdValidation" time="0.044" classname="org.akubraproject.rmi.RmiStoreTckTest$RmiStoreTestSuite"/>
  <testcase name="testInputStream" time="0.061" classname="org.akubraproject.rmi.RmiStoreTckTest$RmiStoreTestSuite"/>
  <testcase name="testListBlobs" time="0.361" classname="org.akubraproject.rmi.RmiStoreTckTest$RmiStoreTestSuite"/>
  <testcase name="testMoveTo" time="0.323" classname="org.akubraproject.rmi.RmiStoreTckTest$RmiStoreTestSuite"/>
  <testcase name="testNonExistentBlob" time="0.037" classname="org.akubraproject.rmi.RmiStoreTckTest$RmiStoreTestSuite"/>
  <testcase name="testOpenConnectionNoTransaction" time="0.0020" classname="org.akubraproject.rmi.RmiStoreTckTest$RmiStoreTestSuite"/>
  <testcase name="testOpenConnectionWithTransaction" time="0.0090" classname="org.akubraproject.rmi.RmiStoreTckTest$RmiStoreTestSuite"/>
  <testcase name="testOutputStream" time="0.428" classname="org.akubraproject.rmi.RmiStoreTckTest$RmiStoreTestSuite"/>
  <testcase name="testSync" time="0.107" classname="org.akubraproject.rmi.RmiStoreTckTest$RmiStoreTestSuite"/>
  <testcase name="testBasicCommit" time="0.0" classname="org.akubraproject.rmi.RmiStoreTckTest$RmiStoreTestSuite"/>
  <testcase name="testBasicRollback" time="0.0010" classname="org.akubraproject.rmi.RmiStoreTckTest$RmiStoreTestSuite"/>
  <testcase name="testBlobFromStream" time="0.077" classname="org.akubraproject.rmi.RmiStoreTckTest$RmiStoreTestSuite"/>
  <testcase name="testBlobUpdate" time="0.038" classname="org.akubraproject.rmi.RmiStoreTckTest$RmiStoreTestSuite"/>
  <testcase name="testCanonicalId" time="0.0020" classname="org.akubraproject.rmi.RmiStoreTckTest$RmiStoreTestSuite"/>
  <testcase name="testCloseConnection" time="0.012" classname="org.akubraproject.rmi.RmiStoreTckTest$RmiStoreTestSuite"/>
  <testcase name="testDelete" time="0.012" classname="org.akubraproject.rmi.RmiStoreTckTest$RmiStoreTestSuite"/>
  <testcase name="testIdGeneration" time="0.0030" classname="org.akubraproject.rmi.RmiStoreTckTest$RmiStoreTestSuite"/>
  <testcase name="testIdValidation" time="0.0090" classname="org.akubraproject.rmi.RmiStoreTckTest$RmiStoreTestSuite"/>
  <testcase name="testInputStream" time="0.03" classname="org.akubraproject.rmi.RmiStoreTckTest$RmiStoreTestSuite"/>
  <testcase name="testListBlobs" time="0.071" classname="org.akubraproject.rmi.RmiStoreTckTest$RmiStoreTestSuite"/>
  <testcase name="testMoveTo" time="0.062" classname="org.akubraproject.rmi.RmiStoreTckTest$RmiStoreTestSuite"/>
  <testcase name="testNonExistentBlob" time="0.0060" classname="org.akubraproject.rmi.RmiStoreTckTest$RmiStoreTestSuite"/>
  <testcase name="testOutputStream" time="0.132" classname="org.akubraproject.rmi.RmiStoreTckTest$RmiStoreTestSuite"/>
  <testcase name="testSync" time="0.029" classname="org.akubraproject.rmi.RmiStoreTckTest$RmiStoreTestSuite"/>
  <testcase name="testClosedConnection" time="0.015" classname="org.akubraproject.rmi.RmiStoreTckTest$RmiStoreTestSuite"/>
  <testcase name="testOpenConnectionNoTransaction" time="0.0010" classname="org.akubraproject.rmi.RmiStoreTckTest$RmiStoreTestSuite"/>
  <testcase name="testOpenConnectionWithTransaction" time="0.0030" classname="org.akubraproject.rmi.RmiStoreTckTest$RmiStoreTestSuite"/>
  <testcase name="testCleanup" time="0.028" classname="org.akubraproject.rmi.RmiStoreTckTest$RmiStoreTestSuite"/>
  <testcase name="testCleanup" time="0.0050" classname="org.akubraproject.rmi.RmiStoreTckTest$RmiStoreTestSuite"/>
</testsuite> <!-- Command line test -->
