<?xml version="1.0" encoding="UTF-8"?>
<!-- Generated by org.testng.reporters.JUnitXMLReporter -->
<testsuite hostname="entropy.local" name="Command line test" tests="5" failures="0" timestamp="3 Mar 2012 15:50:34 GMT" time="0.043" errors="0">
  <testcase name="testCloseNotification" time="0.0070" classname="org.akubraproject.impl.TestManagedOutputStream"/>
  <testcase name="testInitialState" time="0.0010" classname="org.akubraproject.impl.TestStreamManager"/>
  <testcase name="testManageInputStream" time="0.0070" classname="org.akubraproject.impl.TestStreamManager"/>
  <testcase name="testManageOutputStream" time="0.0010" classname="org.akubraproject.impl.TestStreamManager"/>
  <testcase name="testTrackedConnectionCloses" time="0.01" classname="org.akubraproject.impl.TestStreamManager"/>
</testsuite> <!-- Command line test -->
